You are using pip version 9.0.3, however version 19.2.3 is available.
You should consider upgrading via the 'python -m pip install --upgrade pip' command.
-py2.py3-none-any.whl
Collecting requests!=2.15,!=2.16,>=2.5.0 (from twine~=1.10)
  Downloading https://files.pythonhosted.org/packages/51/bd/23c926cd341ea6b7dd0b2a00aba99ae0f828be89d72b2190f27c11d4b7fb/requests-2.22.0-py2.py3-none-any.whl (57kB)
Collecting requests-toolbelt!=0.9.0,>=0.8.0 (from twine~=1.10)
  Downloading https://files.pythonhosted.org/packages/60/ef/7681134338fc097acef8d9b2f8abe0458e4d87559c689a8c306d0957ece5/requests_toolbelt-0.9.1-py2.py3-none-any.whl (54kB)
Collecting pkginfo>=1.4.2 (from twine~=1.10)
  Downloading https://files.pythonhosted.org/packages/e6/d5/451b913307b478c49eb29084916639dc53a88489b993530fed0a66bab8b9/pkginfo-1.5.0.1-py2.py3-none-any.whl
Collecting readme-renderer>=21.0 (from twine~=1.10)
  Downloading https://files.pythonhosted.org/packages/c3/7e/d1aae793900f36b097cbfcc5e70eef82b5b56423a6c52a36dce51fedd8f0/readme_renderer-24.0-py2.py3-none-any.whl
Collecting tqdm>=4.14 (from twine~=1.10)
  Downloading https://files.pythonhosted.org/packages/dc/88/d3213e2f3492daf09d8b41631ad6899f56db17ce83ea9c8a579902bafe5e/tqdm-4.35.0-py2.py3-none-any.whl (50kB)
Requirement already satisfied: setuptools>=0.7.0 in c:\users\artur\appdata\local\programs\python\python37-32\lib\site-packages (from twine~=1.10)
Collecting chardet<3.1.0,>=3.0.2 (from requests!=2.15,!=2.16,>=2.5.0->twine~=1.10)
  Downloading https://files.pythonhosted.org/packages/bc/a9/01ffebfb562e4274b6487b4bb1ddec7ca55ec7510b22e4c51f14098443b8/chardet-3.0.4-py2.py3-none-any.whl (133kB)
Collecting idna<2.9,>=2.5 (from requests!=2.15,!=2.16,>=2.5.0->twine~=1.10)
  Downloading https://files.pythonhosted.org/packages/14/2c/cd551d81dbe15200be1cf41cd03869a46fe7226e7450af7a6545bfc474c9/idna-2.8-py2.py3-none-any.whl (58kB)
Collecting urllib3!=1.25.0,!=1.25.1,<1.26,>=1.21.1 (from requests!=2.15,!=2.16,>=2.5.0->twine~=1.10)
  Downloading https://files.pythonhosted.org/packages/e6/60/247f23a7121ae632d62811ba7f273d0e58972d75e58a94d329d51550a47d/urllib3-1.25.3-py2.py3-none-any.whl (150kB)
Collecting certifi>=2017.4.17 (from requests!=2.15,!=2.16,>=2.5.0->twine~=1.10)
  Downloading https://files.pythonhosted.org/packages/69/1b/b853c7a9d4f6a6d00749e94eb6f3a041e342a885b87340b79c1ef73e3a78/certifi-2019.6.16-py2.py3-none-any.whl (157kB)
Collecting docutils>=0.13.1 (from readme-renderer>=21.0->twine~=1.10)
  Downloading https://files.pythonhosted.org/packages/22/cd/a6aa959dca619918ccb55023b4cb151949c64d4d5d55b3f4ffd7eee0c6e8/docutils-0.15.2-py3-none-any.whl (547kB)
Collecting Pygments (from readme-renderer>=21.0->twine~=1.10)
  Downloading https://files.pythonhosted.org/packages/5c/73/1dfa428150e3ccb0fa3e68db406e5be48698f2a979ccbcec795f28f44048/Pygments-2.4.2-py2.py3-none-any.whl (883kB)
Collecting bleach>=2.1.0 (from readme-renderer>=21.0->twine~=1.10)
  Downloading https://files.pythonhosted.org/packages/ab/05/27e1466475e816d3001efb6e0a85a819be17411420494a1e602c36f8299d/bleach-3.1.0-py2.py3-none-any.whl (157kB)
Requirement already satisfied: six in c:\users\artur\appdata\roaming\python\python37\site-packages (from readme-renderer>=21.0->twine~=1.10)
Collecting webencodings (from bleach>=2.1.0->readme-renderer>=21.0->twine~=1.10)
  Downloading https://files.pythonhosted.org/packages/f4/24/2a3e3df732393fed8b3ebf2ec078f05546de641fe1b667ee316ec1dcf3b7/webencodings-0.5.1-py2.py3-none-any.whl
Installing collected packages: chardet, idna, urllib3, certifi, requests, requests-toolbelt, pkginfo, docutils, Pygments, webencodings, bleach, readme-renderer, tqdm, twine
Successfully installed Pygments-2.4.2 bleach-3.1.0 certifi-2019.6.16 chardet-3.0.4 docutils-0.15.2 idna-2.8 pkginfo-1.5.0.1 readme-renderer-24.0 requests-2.22.0 requests-toolbelt-0.9.1 tqdm-4.35.0 twine-1.13.0 urllib3-1.25.3 webencodings-0.5.1
